[debug] [2024-06-28T12:32:24.372Z] ----------------------------------------------------------------------
[debug] [2024-06-28T12:32:24.376Z] Command:       C:\Program Files\nodejs\node.exe C:\Users\eloda\AppData\Roaming\npm\node_modules\firebase-tools\lib\bin\firebase.js init
[debug] [2024-06-28T12:32:24.376Z] CLI Version:   13.12.0
[debug] [2024-06-28T12:32:24.377Z] Platform:      win32
[debug] [2024-06-28T12:32:24.377Z] Node Version:  v18.16.1
[debug] [2024-06-28T12:32:24.384Z] Time:          Fri Jun 28 2024 15:32:24 GMT+0300 (kelet-európai nyári idő)
[debug] [2024-06-28T12:32:24.385Z] ----------------------------------------------------------------------
[debug] 
[debug] [2024-06-28T12:32:24.489Z] > command requires scopes: ["email","openid","https://www.googleapis.com/auth/cloudplatformprojects.readonly","https://www.googleapis.com/auth/firebase","https://www.googleapis.com/auth/cloud-platform"]
[debug] [2024-06-28T12:32:24.490Z] > authorizing via signed-in user (balintadamdev@gmail.com)
[info] 
     ######## #### ########  ######## ########     ###     ######  ########
     ##        ##  ##     ## ##       ##     ##  ##   ##  ##       ##
     ######    ##  ########  ######   ########  #########  ######  ######
     ##        ##  ##    ##  ##       ##     ## ##     ##       ## ##
     ##       #### ##     ## ######## ########  ##     ##  ######  ########

You're about to initialize a Firebase project in this directory:

  C:\Projektek\todo-app

Before we get started, keep in mind:

  * You are currently outside your home directory
  * You are initializing within an existing Firebase project directory

